ViewPagerTutorial/app/build/outputs/logs/manifest-merger-debug-report.txt
-- Merging decision tree log ---
manifest
ADDED from AndroidManifest.xml:1:1
	xmlns:android
		ADDED from AndroidManifest.xml:1:11
	package
		ADDED from AndroidManifest.xml:2:5
		INJECTED from AndroidManifest.xml:0:0
		INJECTED from AndroidManifest.xml:0:0
	android:versionName
		ADDED from AndroidManifest.xml:4:5
	android:versionCode
		ADDED from AndroidManifest.xml:3:5
		INJECTED from AndroidManifest.xml:0:0
		INJECTED from AndroidManifest.xml:0:0
uses-sdk
ADDED from AndroidManifest.xml:6:5
MERGED from com.crashlytics.sdk.android:crashlytics:2.2.1:7:5
MERGED from com.crashlytics.sdk.android:answers:1.1.1:7:5
MERGED from io.fabric.sdk.android:fabric:1.1.1:7:5
MERGED from io.fabric.sdk.android:fabric:1.1.1:7:5
MERGED from com.crashlytics.sdk.android:beta:1.1.1:7:5
MERGED from io.fabric.sdk.android:fabric:1.1.1:7:5
	android:targetSdkVersion
		ADDED from AndroidManifest.xml:8:9
		INJECTED from AndroidManifest.xml:0:0
		INJECTED from AndroidManifest.xml:0:0
	android:minSdkVersion
		ADDED from AndroidManifest.xml:7:9
		INJECTED from AndroidManifest.xml:0:0
		INJECTED from AndroidManifest.xml:0:0
application
ADDED from AndroidManifest.xml:10:5
MERGED from com.crashlytics.sdk.android:crashlytics:2.2.1:11:5
MERGED from com.crashlytics.sdk.android:answers:1.1.1:9:5
MERGED from io.fabric.sdk.android:fabric:1.1.1:9:5
MERGED from io.fabric.sdk.android:fabric:1.1.1:9:5
MERGED from com.crashlytics.sdk.android:beta:1.1.1:9:5
MERGED from io.fabric.sdk.android:fabric:1.1.1:9:5
	android:label
		ADDED from AndroidManifest.xml:12:9
	android:icon
		ADDED from AndroidManifest.xml:11:9
	android:theme
		ADDED from AndroidManifest.xml:13:9
activity#com.androidbegin.viewpagertutorial.MainActivity
ADDED from AndroidManifest.xml:14:9
	android:name
		ADDED from AndroidManifest.xml:14:19
intent-filter#android.intent.action.MAIN+android.intent.category.LAUNCHER
ADDED from AndroidManifest.xml:15:13
action#android.intent.action.MAIN
ADDED from AndroidManifest.xml:16:17
	android:name
		ADDED from AndroidManifest.xml:16:25
category#android.intent.category.LAUNCHER
ADDED from AndroidManifest.xml:18:17
	android:name
		ADDED from AndroidManifest.xml:18:27
meta-data#com.crashlytics.ApiKey
ADDED from AndroidManifest.xml:21:9
	android:name
		ADDED from AndroidManifest.xml:22:13
	android:value
		ADDED from AndroidManifest.xml:23:13
uses-permission#android.permission.INTERNET
ADDED from AndroidManifest.xml:26:5
MERGED from com.crashlytics.sdk.android:crashlytics:2.2.1:9:5
	android:name
		ADDED from AndroidManifest.xml:26:22
uses-permission#android.permission.ACCESS_NETWORK_STATE
ADDED from AndroidManifest.xml:27:5
	android:name
		ADDED from AndroidManifest.xml:27:22